EXCEPTION: 22/03/2023 15:37:07
========================================
An unexpected error occurred.
IReader state:
   ColumnCount: 0
   CurrentIndex: -1
   HeaderRecord:
["VerticalSpacer","HorizontalSpacer","OccluderOffset","EllipseRadius","LineThickness","HighlightStrokeDim","HighlightRadius","SharpNotesMode","BlinkSelectScaleMode","BreathControlMode","NetytarControlMode","ModulationControlMode","SlidePlayMode","SensorPort","MIDIPort","RootNote","ScaleCode"]
IParser state:
   ByteCount: 0
   CharCount: 325
   Row: 2
   RawRow: 2
   Count: 17
   RawRecord:
-90,180,35,23,3,5,65,On,On,Dynamic,BreathSensor,Off,On,4,1,C,maj


   in CsvHelper.CsvReader.<GetRecords>d__87`1.MoveNext()
   in System.Collections.Generic.List`1..ctor(IEnumerable`1 collection)
   in System.Linq.Enumerable.ToList[TSource](IEnumerable`1 source)
   in Netytar.SavingSystem.LoadSettings() in C:\Users\neequ\OneDrive\Documenti\GitHub\Netytar\Netytar\SavingSystem\SavingSystem.cs:riga 51
   in Netytar.MainWindow.StartNetytar() in C:\Users\neequ\OneDrive\Documenti\GitHub\Netytar\Netytar\MainWindow.xaml.cs:riga 143
   in Netytar.MainWindow.Window_Loaded(Object sender, RoutedEventArgs e) in C:\Users\neequ\OneDrive\Documenti\GitHub\Netytar\Netytar\MainWindow.xaml.cs:riga 518
   in System.Windows.RoutedEventHandlerInfo.InvokeHandler(Object target, RoutedEventArgs routedEventArgs)
   in System.Windows.EventRoute.InvokeHandlersImpl(Object source, RoutedEventArgs args, Boolean reRaised)
   in System.Windows.UIElement.RaiseEventImpl(DependencyObject sender, RoutedEventArgs args)
   in System.Windows.UIElement.RaiseEvent(RoutedEventArgs e)
   in System.Windows.BroadcastEventHelper.BroadcastEvent(DependencyObject root, RoutedEvent routedEvent)
   in System.Windows.BroadcastEventHelper.BroadcastLoadedEvent(Object root)
   in MS.Internal.LoadedOrUnloadedOperation.DoWork()
   in System.Windows.Media.MediaContext.FireLoadedPendingCallbacks()
   in System.Windows.Media.MediaContext.FireInvokeOnRenderCallbacks()
   in System.Windows.Media.MediaContext.RenderMessageHandlerCore(Object resizedCompositionTarget)
   in System.Windows.Media.MediaContext.RenderMessageHandler(Object resizedCompositionTarget)
   in System.Windows.Media.MediaContext.Resize(ICompositionTarget resizedCompositionTarget)
   in System.Windows.Interop.HwndTarget.OnResize()
   in System.Windows.Interop.HwndTarget.HandleMessage(WindowMessage msg, IntPtr wparam, IntPtr lparam)
   in System.Windows.Interop.HwndSource.HwndTargetFilterMessage(IntPtr hwnd, Int32 msg, IntPtr wParam, IntPtr lParam, Boolean& handled)
   in MS.Win32.HwndWrapper.WndProc(IntPtr hwnd, Int32 msg, IntPtr wParam, IntPtr lParam, Boolean& handled)
   in MS.Win32.HwndSubclass.DispatcherCallbackOperation(Object o)
   in System.Windows.Threading.ExceptionWrapper.InternalRealCall(Delegate callback, Object args, Int32 numArgs)
   in System.Windows.Threading.ExceptionWrapper.TryCatchWhen(Object source, Delegate callback, Object args, Int32 numArgs, Delegate catchHandler)

INNER EXCEPTION
----------------------------------------
Constructor 'Netytar.IUserSettings()' was not found.
   in CsvHelper.ObjectCreator.GetConstructorNotFoundException(Type type, Type[] argTypes)
   in CsvHelper.ObjectCreator.GetConstructor(ConstructorInfo[] constructors, Type type, Type[] argTypes)
   in CsvHelper.ObjectCreator.CreateInstanceFunc(Type type, Type[] argTypes)
   in CsvHelper.ObjectCreator.CreateInstance(Type type, Object[] args)
   in CsvHelper.ObjectResolver.<>c__DisplayClass17_0.<.cctor>b__1(Type type, Object[] args)
   in CsvHelper.ObjectResolver.Resolve(Type type, Object[] constructorArgs)
   in lambda_method(Closure )
   in CsvHelper.Expressions.RecordCreator.Create[T]()
   in CsvHelper.Expressions.RecordManager.Create[T]()
   in CsvHelper.CsvReader.<GetRecords>d__87`1.MoveNext()

EXCEPTION: 22/03/2023 15:38:39
========================================
An unexpected error occurred.
IReader state:
   ColumnCount: 0
   CurrentIndex: -1
   HeaderRecord:
["VerticalSpacer","HorizontalSpacer","OccluderOffset","EllipseRadius","LineThickness","HighlightStrokeDim","HighlightRadius","SharpNotesMode","BlinkSelectScaleMode","BreathControlMode","NetytarControlMode","ModulationControlMode","SlidePlayMode","SensorPort","MIDIPort","RootNote","ScaleCode"]
IParser state:
   ByteCount: 0
   CharCount: 325
   Row: 2
   RawRow: 2
   Count: 17
   RawRecord:
-90,180,35,23,3,5,65,On,On,Dynamic,BreathSensor,Off,On,4,1,C,maj


   in CsvHelper.CsvReader.<GetRecords>d__87`1.MoveNext()
   in System.Collections.Generic.List`1..ctor(IEnumerable`1 collection)
   in System.Linq.Enumerable.ToList[TSource](IEnumerable`1 source)
   in Netytar.SavingSystem.LoadSettings() in C:\Users\neequ\OneDrive\Documenti\GitHub\Netytar\Netytar\SavingSystem\SavingSystem.cs:riga 51
   in Netytar.MainWindow.StartNetytar() in C:\Users\neequ\OneDrive\Documenti\GitHub\Netytar\Netytar\MainWindow.xaml.cs:riga 143
   in Netytar.MainWindow.Window_Loaded(Object sender, RoutedEventArgs e) in C:\Users\neequ\OneDrive\Documenti\GitHub\Netytar\Netytar\MainWindow.xaml.cs:riga 518
   in System.Windows.RoutedEventHandlerInfo.InvokeHandler(Object target, RoutedEventArgs routedEventArgs)
   in System.Windows.EventRoute.InvokeHandlersImpl(Object source, RoutedEventArgs args, Boolean reRaised)
   in System.Windows.UIElement.RaiseEventImpl(DependencyObject sender, RoutedEventArgs args)
   in System.Windows.UIElement.RaiseEvent(RoutedEventArgs e)
   in System.Windows.BroadcastEventHelper.BroadcastEvent(DependencyObject root, RoutedEvent routedEvent)
   in System.Windows.BroadcastEventHelper.BroadcastLoadedEvent(Object root)
   in MS.Internal.LoadedOrUnloadedOperation.DoWork()
   in System.Windows.Media.MediaContext.FireLoadedPendingCallbacks()
   in System.Windows.Media.MediaContext.FireInvokeOnRenderCallbacks()
   in System.Windows.Media.MediaContext.RenderMessageHandlerCore(Object resizedCompositionTarget)
   in System.Windows.Media.MediaContext.RenderMessageHandler(Object resizedCompositionTarget)
   in System.Windows.Media.MediaContext.Resize(ICompositionTarget resizedCompositionTarget)
   in System.Windows.Interop.HwndTarget.OnResize()
   in System.Windows.Interop.HwndTarget.HandleMessage(WindowMessage msg, IntPtr wparam, IntPtr lparam)
   in System.Windows.Interop.HwndSource.HwndTargetFilterMessage(IntPtr hwnd, Int32 msg, IntPtr wParam, IntPtr lParam, Boolean& handled)
   in MS.Win32.HwndWrapper.WndProc(IntPtr hwnd, Int32 msg, IntPtr wParam, IntPtr lParam, Boolean& handled)
   in MS.Win32.HwndSubclass.DispatcherCallbackOperation(Object o)
   in System.Windows.Threading.ExceptionWrapper.InternalRealCall(Delegate callback, Object args, Int32 numArgs)
   in System.Windows.Threading.ExceptionWrapper.TryCatchWhen(Object source, Delegate callback, Object args, Int32 numArgs, Delegate catchHandler)

INNER EXCEPTION
----------------------------------------
Constructor 'Netytar.IUserSettings()' was not found.
   in CsvHelper.ObjectCreator.GetConstructorNotFoundException(Type type, Type[] argTypes)
   in CsvHelper.ObjectCreator.GetConstructor(ConstructorInfo[] constructors, Type type, Type[] argTypes)
   in CsvHelper.ObjectCreator.CreateInstanceFunc(Type type, Type[] argTypes)
   in CsvHelper.ObjectCreator.CreateInstance(Type type, Object[] args)
   in CsvHelper.ObjectResolver.<>c__DisplayClass17_0.<.cctor>b__1(Type type, Object[] args)
   in CsvHelper.ObjectResolver.Resolve(Type type, Object[] constructorArgs)
   in lambda_method(Closure )
   in CsvHelper.Expressions.RecordCreator.Create[T]()
   in CsvHelper.Expressions.RecordManager.Create[T]()
   in CsvHelper.CsvReader.<GetRecords>d__87`1.MoveNext()

EXCEPTION: 22/03/2023 16:14:55
========================================
Header with name 'NoteNamesVisualized'[0] was not found.
Headers: 'VerticalSpacer', 'HorizontalSpacer', 'OccluderOffset', 'EllipseRadius', 'LineThickness', 'HighlightStrokeDim', 'HighlightRadius', 'SharpNotesMode', 'BlinkSelectScaleMode', 'BreathControlMode', 'NetytarControlMode', 'ModulationControlMode', 'SlidePlayMode', 'SensorPort', 'MIDIPort', 'RootNote', 'ScaleCode'
Headers: 'VerticalSpacer', 'HorizontalSpacer', 'OccluderOffset', 'EllipseRadius', 'LineThickness', 'HighlightStrokeDim', 'HighlightRadius', 'SharpNotesMode', 'BlinkSelectScaleMode', 'BreathControlMode', 'NetytarControlMode', 'ModulationControlMode', 'SlidePlayMode', 'SensorPort', 'MIDIPort', 'RootNote', 'ScaleCode'
Headers: 'VerticalSpacer', 'HorizontalSpacer', 'OccluderOffset', 'EllipseRadius', 'LineThickness', 'HighlightStrokeDim', 'HighlightRadius', 'SharpNotesMode', 'BlinkSelectScaleMode', 'BreathControlMode', 'NetytarControlMode', 'ModulationControlMode', 'SlidePlayMode', 'SensorPort', 'MIDIPort', 'RootNote', 'ScaleCode'
Headers: 'VerticalSpacer', 'HorizontalSpacer', 'OccluderOffset', 'EllipseRadius', 'LineThickness', 'HighlightStrokeDim', 'HighlightRadius', 'SharpNotesMode', 'BlinkSelectScaleMode', 'BreathControlMode', 'NetytarControlMode', 'ModulationControlMode', 'SlidePlayMode', 'SensorPort', 'MIDIPort', 'RootNote', 'ScaleCode'
Headers: 'VerticalSpacer', 'HorizontalSpacer', 'OccluderOffset', 'EllipseRadius', 'LineThickness', 'HighlightStrokeDim', 'HighlightRadius', 'SharpNotesMode', 'BlinkSelectScaleMode', 'BreathControlMode', 'NetytarControlMode', 'ModulationControlMode', 'SlidePlayMode', 'SensorPort', 'MIDIPort', 'RootNote', 'ScaleCode'
Headers: 'VerticalSpacer', 'HorizontalSpacer', 'OccluderOffset', 'EllipseRadius', 'LineThickness', 'HighlightStrokeDim', 'HighlightRadius', 'SharpNotesMode', 'BlinkSelectScaleMode', 'BreathControlMode', 'NetytarControlMode', 'ModulationControlMode', 'SlidePlayMode', 'SensorPort', 'MIDIPort', 'RootNote', 'ScaleCode'
Headers: 'VerticalSpacer', 'HorizontalSpacer', 'OccluderOffset', 'EllipseRadius', 'LineThickness', 'HighlightStrokeDim', 'HighlightRadius', 'SharpNotesMode', 'BlinkSelectScaleMode', 'BreathControlMode', 'NetytarControlMode', 'ModulationControlMode', 'SlidePlayMode', 'SensorPort', 'MIDIPort', 'RootNote', 'ScaleCode'
Headers: 'VerticalSpacer', 'HorizontalSpacer', 'OccluderOffset', 'EllipseRadius', 'LineThickness', 'HighlightStrokeDim', 'HighlightRadius', 'SharpNotesMode', 'BlinkSelectScaleMode', 'BreathControlMode', 'NetytarControlMode', 'ModulationControlMode', 'SlidePlayMode', 'SensorPort', 'MIDIPort', 'RootNote', 'ScaleCode'
Headers: 'VerticalSpacer', 'HorizontalSpacer', 'OccluderOffset', 'EllipseRadius', 'LineThickness', 'HighlightStrokeDim', 'HighlightRadius', 'SharpNotesMode', 'BlinkSelectScaleMode', 'BreathControlMode', 'NetytarControlMode', 'ModulationControlMode', 'SlidePlayMode', 'SensorPort', 'MIDIPort', 'RootNote', 'ScaleCode'
Headers: 'VerticalSpacer', 'HorizontalSpacer', 'OccluderOffset', 'EllipseRadius', 'LineThickness', 'HighlightStrokeDim', 'HighlightRadius', 'SharpNotesMode', 'BlinkSelectScaleMode', 'BreathControlMode', 'NetytarControlMode', 'ModulationControlMode', 'SlidePlayMode', 'SensorPort', 'MIDIPort', 'RootNote', 'ScaleCode'
Headers: 'VerticalSpacer', 'HorizontalSpacer', 'OccluderOffset', 'EllipseRadius', 'LineThickness', 'HighlightStrokeDim', 'HighlightRadius', 'SharpNotesMode', 'BlinkSelectScaleMode', 'BreathControlMode', 'NetytarControlMode', 'ModulationControlMode', 'SlidePlayMode', 'SensorPort', 'MIDIPort', 'RootNote', 'ScaleCode'
Headers: 'VerticalSpacer', 'HorizontalSpacer', 'OccluderOffset', 'EllipseRadius', 'LineThickness', 'HighlightStrokeDim', 'HighlightRadius', 'SharpNotesMode', 'BlinkSelectScaleMode', 'BreathControlMode', 'NetytarControlMode', 'ModulationControlMode', 'SlidePlayMode', 'SensorPort', 'MIDIPort', 'RootNote', 'ScaleCode'
Headers: 'VerticalSpacer', 'HorizontalSpacer', 'OccluderOffset', 'EllipseRadius', 'LineThickness', 'HighlightStrokeDim', 'HighlightRadius', 'SharpNotesMode', 'BlinkSelectScaleMode', 'BreathControlMode', 'NetytarControlMode', 'ModulationControlMode', 'SlidePlayMode', 'SensorPort', 'MIDIPort', 'RootNote', 'ScaleCode'
Headers: 'VerticalSpacer', 'HorizontalSpacer', 'OccluderOffset', 'EllipseRadius', 'LineThickness', 'HighlightStrokeDim', 'HighlightRadius', 'SharpNotesMode', 'BlinkSelectScaleMode', 'BreathControlMode', 'NetytarControlMode', 'ModulationControlMode', 'SlidePlayMode', 'SensorPort', 'MIDIPort', 'RootNote', 'ScaleCode'
Headers: 'VerticalSpacer', 'HorizontalSpacer', 'OccluderOffset', 'EllipseRadius', 'LineThickness', 'HighlightStrokeDim', 'HighlightRadius', 'SharpNotesMode', 'BlinkSelectScaleMode', 'BreathControlMode', 'NetytarControlMode', 'ModulationControlMode', 'SlidePlayMode', 'SensorPort', 'MIDIPort', 'RootNote', 'ScaleCode'
Headers: 'VerticalSpacer', 'HorizontalSpacer', 'OccluderOffset', 'EllipseRadius', 'LineThickness', 'HighlightStrokeDim', 'HighlightRadius', 'SharpNotesMode', 'BlinkSelectScaleMode', 'BreathControlMode', 'NetytarControlMode', 'ModulationControlMode', 'SlidePlayMode', 'SensorPort', 'MIDIPort', 'RootNote', 'ScaleCode'
Headers: 'VerticalSpacer', 'HorizontalSpacer', 'OccluderOffset', 'EllipseRadius', 'LineThickness', 'HighlightStrokeDim', 'HighlightRadius', 'SharpNotesMode', 'BlinkSelectScaleMode', 'BreathControlMode', 'NetytarControlMode', 'ModulationControlMode', 'SlidePlayMode', 'SensorPort', 'MIDIPort', 'RootNote', 'ScaleCode'
If you are expecting some headers to be missing and want to ignore this validation, set the configuration HeaderValidated to null. You can also change the functionality to do something else, like logging the issue.

IReader state:
   ColumnCount: 0
   CurrentIndex: -1
   HeaderRecord:
["VerticalSpacer","HorizontalSpacer","OccluderOffset","EllipseRadius","LineThickness","HighlightStrokeDim","HighlightRadius","SharpNotesMode","BlinkSelectScaleMode","BreathControlMode","NetytarControlMode","ModulationControlMode","SlidePlayMode","SensorPort","MIDIPort","RootNote","ScaleCode"]
IParser state:
   ByteCount: 0
   CharCount: 259
   Row: 1
   RawRow: 1
   Count: 17
   RawRecord:
VerticalSpacer,HorizontalSpacer,OccluderOffset,EllipseRadius,LineThickness,HighlightStrokeDim,HighlightRadius,SharpNotesMode,BlinkSelectScaleMode,BreathControlMode,NetytarControlMode,ModulationControlMode,SlidePlayMode,SensorPort,MIDIPort,RootNote,ScaleCode


   in CsvHelper.Configuration.ConfigurationFunctions.HeaderValidated(HeaderValidatedArgs args)
   in CsvHelper.CsvReader.ValidateHeader(Type type)
   in CsvHelper.CsvReader.ValidateHeader[T]()
   in CsvHelper.CsvReader.<GetRecords>d__87`1.MoveNext()
   in System.Collections.Generic.List`1..ctor(IEnumerable`1 collection)
   in System.Linq.Enumerable.ToList[TSource](IEnumerable`1 source)
   in Netytar.SavingSystem.LoadSettings() in C:\Users\neequ\OneDrive\Documenti\GitHub\Netytar\Netytar\Settings\SavingSystem.cs:riga 52
   in Netytar.MainWindow.StartNetytar() in C:\Users\neequ\OneDrive\Documenti\GitHub\Netytar\Netytar\MainWindow.xaml.cs:riga 143
   in Netytar.MainWindow.Window_Loaded(Object sender, RoutedEventArgs e) in C:\Users\neequ\OneDrive\Documenti\GitHub\Netytar\Netytar\MainWindow.xaml.cs:riga 518
   in System.Windows.RoutedEventHandlerInfo.InvokeHandler(Object target, RoutedEventArgs routedEventArgs)
   in System.Windows.EventRoute.InvokeHandlersImpl(Object source, RoutedEventArgs args, Boolean reRaised)
   in System.Windows.UIElement.RaiseEventImpl(DependencyObject sender, RoutedEventArgs args)
   in System.Windows.UIElement.RaiseEvent(RoutedEventArgs e)
   in System.Windows.BroadcastEventHelper.BroadcastEvent(DependencyObject root, RoutedEvent routedEvent)
   in System.Windows.BroadcastEventHelper.BroadcastLoadedEvent(Object root)
   in MS.Internal.LoadedOrUnloadedOperation.DoWork()
   in System.Windows.Media.MediaContext.FireLoadedPendingCallbacks()
   in System.Windows.Media.MediaContext.FireInvokeOnRenderCallbacks()
   in System.Windows.Media.MediaContext.RenderMessageHandlerCore(Object resizedCompositionTarget)
   in System.Windows.Media.MediaContext.RenderMessageHandler(Object resizedCompositionTarget)
   in System.Windows.Media.MediaContext.Resize(ICompositionTarget resizedCompositionTarget)
   in System.Windows.Interop.HwndTarget.OnResize()
   in System.Windows.Interop.HwndTarget.HandleMessage(WindowMessage msg, IntPtr wparam, IntPtr lparam)
   in System.Windows.Interop.HwndSource.HwndTargetFilterMessage(IntPtr hwnd, Int32 msg, IntPtr wParam, IntPtr lParam, Boolean& handled)
   in MS.Win32.HwndWrapper.WndProc(IntPtr hwnd, Int32 msg, IntPtr wParam, IntPtr lParam, Boolean& handled)
   in MS.Win32.HwndSubclass.DispatcherCallbackOperation(Object o)
   in System.Windows.Threading.ExceptionWrapper.InternalRealCall(Delegate callback, Object args, Int32 numArgs)
   in System.Windows.Threading.ExceptionWrapper.TryCatchWhen(Object source, Delegate callback, Object args, Int32 numArgs, Delegate catchHandler)

