EXCEPTION: 21/03/2023 17:24:42
========================================
Il valore non può essere null.
Nome parametro: element
   in System.Windows.Controls.Canvas.GetLeft(UIElement element)
   in Netytar.NetytarSurface.DrawLines(Scale scale) in C:\Users\neequ\OneDrive\Documenti\GitHub\Netytar\Netytar\Surface\NetytarSurface.cs:riga 403
   in Netytar.NetytarSurface.DrawScale() in C:\Users\neequ\OneDrive\Documenti\GitHub\Netytar\Netytar\Surface\NetytarSurface.cs:riga 253
   in Netytar.NetytarSurface.DrawButtons() in C:\Users\neequ\OneDrive\Documenti\GitHub\Netytar\Netytar\Surface\NetytarSurface.cs:riga 188
   in Netytar.DMIbox.NetytarSetup.Setup() in C:\Users\neequ\OneDrive\Documenti\GitHub\Netytar\Netytar\DMIbox\NetytarSetup.cs:riga 76
   in Netytar.MainWindow.StartNetytar() in C:\Users\neequ\OneDrive\Documenti\GitHub\Netytar\Netytar\MainWindow.xaml.cs:riga 144
   in Netytar.MainWindow.Window_Loaded(Object sender, RoutedEventArgs e) in C:\Users\neequ\OneDrive\Documenti\GitHub\Netytar\Netytar\MainWindow.xaml.cs:riga 518
   in System.Windows.RoutedEventHandlerInfo.InvokeHandler(Object target, RoutedEventArgs routedEventArgs)
   in System.Windows.EventRoute.InvokeHandlersImpl(Object source, RoutedEventArgs args, Boolean reRaised)
   in System.Windows.UIElement.RaiseEventImpl(DependencyObject sender, RoutedEventArgs args)
   in System.Windows.UIElement.RaiseEvent(RoutedEventArgs e)
   in System.Windows.BroadcastEventHelper.BroadcastEvent(DependencyObject root, RoutedEvent routedEvent)
   in System.Windows.BroadcastEventHelper.BroadcastLoadedEvent(Object root)
   in MS.Internal.LoadedOrUnloadedOperation.DoWork()
   in System.Windows.Media.MediaContext.FireLoadedPendingCallbacks()
   in System.Windows.Media.MediaContext.FireInvokeOnRenderCallbacks()
   in System.Windows.Media.MediaContext.RenderMessageHandlerCore(Object resizedCompositionTarget)
   in System.Windows.Media.MediaContext.RenderMessageHandler(Object resizedCompositionTarget)
   in System.Windows.Media.MediaContext.Resize(ICompositionTarget resizedCompositionTarget)
   in System.Windows.Interop.HwndTarget.OnResize()
   in System.Windows.Interop.HwndTarget.HandleMessage(WindowMessage msg, IntPtr wparam, IntPtr lparam)
   in System.Windows.Interop.HwndSource.HwndTargetFilterMessage(IntPtr hwnd, Int32 msg, IntPtr wParam, IntPtr lParam, Boolean& handled)
   in MS.Win32.HwndWrapper.WndProc(IntPtr hwnd, Int32 msg, IntPtr wParam, IntPtr lParam, Boolean& handled)
   in MS.Win32.HwndSubclass.DispatcherCallbackOperation(Object o)
   in System.Windows.Threading.ExceptionWrapper.InternalRealCall(Delegate callback, Object args, Int32 numArgs)
   in System.Windows.Threading.ExceptionWrapper.TryCatchWhen(Object source, Delegate callback, Object args, Int32 numArgs, Delegate catchHandler)

