EXCEPTION: 12/10/2023 16:10:55
========================================
Il valore non può essere null.
Nome parametro: String
   in System.Number.StringToNumber(String str, NumberStyles options, NumberBuffer& number, NumberFormatInfo info, Boolean parseDecimal)
   in System.Number.ParseInt32(String s, NumberStyles style, NumberFormatInfo info)
   in System.Int32.Parse(String s)
   in Netytar.MainWindow.btnCalibrateMax_Click(Object sender, RoutedEventArgs e) in C:\Users\stesa\Documents\GitHub\Netytar\Netytar\MainWindow.xaml.cs:riga 730
   in System.Windows.RoutedEventHandlerInfo.InvokeHandler(Object target, RoutedEventArgs routedEventArgs)
   in System.Windows.EventRoute.InvokeHandlersImpl(Object source, RoutedEventArgs args, Boolean reRaised)
   in System.Windows.UIElement.RaiseEventImpl(DependencyObject sender, RoutedEventArgs args)
   in System.Windows.UIElement.RaiseEvent(RoutedEventArgs e)
   in System.Windows.Controls.Primitives.ButtonBase.OnClick()
   in System.Windows.Controls.Button.OnClick()
   in System.Windows.Controls.Primitives.ButtonBase.OnMouseLeftButtonUp(MouseButtonEventArgs e)
   in System.Windows.UIElement.OnMouseLeftButtonUpThunk(Object sender, MouseButtonEventArgs e)
   in System.Windows.Input.MouseButtonEventArgs.InvokeEventHandler(Delegate genericHandler, Object genericTarget)
   in System.Windows.RoutedEventArgs.InvokeHandler(Delegate handler, Object target)
   in System.Windows.RoutedEventHandlerInfo.InvokeHandler(Object target, RoutedEventArgs routedEventArgs)
   in System.Windows.EventRoute.InvokeHandlersImpl(Object source, RoutedEventArgs args, Boolean reRaised)
   in System.Windows.UIElement.ReRaiseEventAs(DependencyObject sender, RoutedEventArgs args, RoutedEvent newEvent)
   in System.Windows.UIElement.OnMouseUpThunk(Object sender, MouseButtonEventArgs e)
   in System.Windows.Input.MouseButtonEventArgs.InvokeEventHandler(Delegate genericHandler, Object genericTarget)
   in System.Windows.RoutedEventArgs.InvokeHandler(Delegate handler, Object target)
   in System.Windows.RoutedEventHandlerInfo.InvokeHandler(Object target, RoutedEventArgs routedEventArgs)
   in System.Windows.EventRoute.InvokeHandlersImpl(Object source, RoutedEventArgs args, Boolean reRaised)
   in System.Windows.UIElement.RaiseEventImpl(DependencyObject sender, RoutedEventArgs args)
   in System.Windows.UIElement.RaiseTrustedEvent(RoutedEventArgs args)
   in System.Windows.UIElement.RaiseEvent(RoutedEventArgs args, Boolean trusted)
   in System.Windows.Input.InputManager.ProcessStagingArea()
   in System.Windows.Input.InputManager.ProcessInput(InputEventArgs input)
   in System.Windows.Input.InputProviderSite.ReportInput(InputReport inputReport)
   in System.Windows.Interop.HwndMouseInputProvider.ReportInput(IntPtr hwnd, InputMode mode, Int32 timestamp, RawMouseActions actions, Int32 x, Int32 y, Int32 wheel)
   in System.Windows.Interop.HwndMouseInputProvider.FilterMessage(IntPtr hwnd, WindowMessage msg, IntPtr wParam, IntPtr lParam, Boolean& handled)
   in System.Windows.Interop.HwndSource.InputFilterMessage(IntPtr hwnd, Int32 msg, IntPtr wParam, IntPtr lParam, Boolean& handled)
   in MS.Win32.HwndWrapper.WndProc(IntPtr hwnd, Int32 msg, IntPtr wParam, IntPtr lParam, Boolean& handled)
   in MS.Win32.HwndSubclass.DispatcherCallbackOperation(Object o)
   in System.Windows.Threading.ExceptionWrapper.InternalRealCall(Delegate callback, Object args, Int32 numArgs)
   in System.Windows.Threading.ExceptionWrapper.TryCatchWhen(Object source, Delegate callback, Object args, Int32 numArgs, Delegate catchHandler)

EXCEPTION: 12/10/2023 16:19:40
========================================
Impossibile trovare una parte del percorso 'C:\Users\stesa\Documents\GitHub\Netytar\Netytar\bin\Debug\bin\Debug\dati.json'.
   in System.IO.__Error.WinIOError(Int32 errorCode, String maybeFullPath)
   in System.IO.FileStream.Init(String path, FileMode mode, FileAccess access, Int32 rights, Boolean useRights, FileShare share, Int32 bufferSize, FileOptions options, SECURITY_ATTRIBUTES secAttrs, String msgPath, Boolean bFromProxy, Boolean useLongPath, Boolean checkHost)
   in System.IO.FileStream..ctor(String path, FileMode mode, FileAccess access, FileShare share, Int32 bufferSize, FileOptions options, String msgPath, Boolean bFromProxy, Boolean useLongPath, Boolean checkHost)
   in System.IO.StreamWriter.CreateFile(String path, Boolean append, Boolean checkHost)
   in System.IO.StreamWriter..ctor(String path, Boolean append, Encoding encoding, Int32 bufferSize, Boolean checkHost)
   in System.IO.File.InternalWriteAllText(String path, String contents, Encoding encoding, Boolean checkHost)
   in System.IO.File.WriteAllText(String path, String contents)
   in Netytar.SavingCalibration.SaveCalibration(String min, String max) in C:\Users\stesa\Documents\GitHub\Netytar\Netytar\Settings\SavingCalibration.cs:riga 25
   in Netytar.MainWindow.btnCalibrateMax_Click(Object sender, RoutedEventArgs e) in C:\Users\stesa\Documents\GitHub\Netytar\Netytar\MainWindow.xaml.cs:riga 735
   in System.Windows.RoutedEventHandlerInfo.InvokeHandler(Object target, RoutedEventArgs routedEventArgs)
   in System.Windows.EventRoute.InvokeHandlersImpl(Object source, RoutedEventArgs args, Boolean reRaised)
   in System.Windows.UIElement.RaiseEventImpl(DependencyObject sender, RoutedEventArgs args)
   in System.Windows.UIElement.RaiseEvent(RoutedEventArgs e)
   in System.Windows.Controls.Primitives.ButtonBase.OnClick()
   in System.Windows.Controls.Button.OnClick()
   in System.Windows.Controls.Primitives.ButtonBase.OnMouseLeftButtonUp(MouseButtonEventArgs e)
   in System.Windows.UIElement.OnMouseLeftButtonUpThunk(Object sender, MouseButtonEventArgs e)
   in System.Windows.Input.MouseButtonEventArgs.InvokeEventHandler(Delegate genericHandler, Object genericTarget)
   in System.Windows.RoutedEventArgs.InvokeHandler(Delegate handler, Object target)
   in System.Windows.RoutedEventHandlerInfo.InvokeHandler(Object target, RoutedEventArgs routedEventArgs)
   in System.Windows.EventRoute.InvokeHandlersImpl(Object source, RoutedEventArgs args, Boolean reRaised)
   in System.Windows.UIElement.ReRaiseEventAs(DependencyObject sender, RoutedEventArgs args, RoutedEvent newEvent)
   in System.Windows.UIElement.OnMouseUpThunk(Object sender, MouseButtonEventArgs e)
   in System.Windows.Input.MouseButtonEventArgs.InvokeEventHandler(Delegate genericHandler, Object genericTarget)
   in System.Windows.RoutedEventArgs.InvokeHandler(Delegate handler, Object target)
   in System.Windows.RoutedEventHandlerInfo.InvokeHandler(Object target, RoutedEventArgs routedEventArgs)
   in System.Windows.EventRoute.InvokeHandlersImpl(Object source, RoutedEventArgs args, Boolean reRaised)
   in System.Windows.UIElement.RaiseEventImpl(DependencyObject sender, RoutedEventArgs args)
   in System.Windows.UIElement.RaiseTrustedEvent(RoutedEventArgs args)
   in System.Windows.UIElement.RaiseEvent(RoutedEventArgs args, Boolean trusted)
   in System.Windows.Input.InputManager.ProcessStagingArea()
   in System.Windows.Input.InputManager.ProcessInput(InputEventArgs input)
   in System.Windows.Input.InputProviderSite.ReportInput(InputReport inputReport)
   in System.Windows.Interop.HwndMouseInputProvider.ReportInput(IntPtr hwnd, InputMode mode, Int32 timestamp, RawMouseActions actions, Int32 x, Int32 y, Int32 wheel)
   in System.Windows.Interop.HwndMouseInputProvider.FilterMessage(IntPtr hwnd, WindowMessage msg, IntPtr wParam, IntPtr lParam, Boolean& handled)
   in System.Windows.Interop.HwndSource.InputFilterMessage(IntPtr hwnd, Int32 msg, IntPtr wParam, IntPtr lParam, Boolean& handled)
   in MS.Win32.HwndWrapper.WndProc(IntPtr hwnd, Int32 msg, IntPtr wParam, IntPtr lParam, Boolean& handled)
   in MS.Win32.HwndSubclass.DispatcherCallbackOperation(Object o)
   in System.Windows.Threading.ExceptionWrapper.InternalRealCall(Delegate callback, Object args, Int32 numArgs)
   in System.Windows.Threading.ExceptionWrapper.TryCatchWhen(Object source, Delegate callback, Object args, Int32 numArgs, Delegate catchHandler)

EXCEPTION: 12/10/2023 16:33:12
========================================
Il file 'C:\Users\stesa\Documents\GitHub\Netytar\Netytar\bin\Debug\Calibration.json' non è stato trovato.
   in System.IO.__Error.WinIOError(Int32 errorCode, String maybeFullPath)
   in System.IO.FileStream.Init(String path, FileMode mode, FileAccess access, Int32 rights, Boolean useRights, FileShare share, Int32 bufferSize, FileOptions options, SECURITY_ATTRIBUTES secAttrs, String msgPath, Boolean bFromProxy, Boolean useLongPath, Boolean checkHost)
   in System.IO.FileStream..ctor(String path, FileMode mode, FileAccess access, FileShare share, Int32 bufferSize, FileOptions options, String msgPath, Boolean bFromProxy, Boolean useLongPath, Boolean checkHost)
   in System.IO.StreamReader..ctor(String path, Encoding encoding, Boolean detectEncodingFromByteOrderMarks, Int32 bufferSize, Boolean checkHost)
   in System.IO.File.InternalReadAllText(String path, Encoding encoding, Boolean checkHost)
   in System.IO.File.ReadAllText(String path)
   in Netytar.SavingCalibration.LoadCalibration() in C:\Users\stesa\Documents\GitHub\Netytar\Netytar\Settings\SavingCalibration.cs:riga 33
   in Netytar.MainWindow.btnTeeth_Click(Object sender, RoutedEventArgs e) in C:\Users\stesa\Documents\GitHub\Netytar\Netytar\MainWindow.xaml.cs:riga 643
   in System.Windows.RoutedEventHandlerInfo.InvokeHandler(Object target, RoutedEventArgs routedEventArgs)
   in System.Windows.EventRoute.InvokeHandlersImpl(Object source, RoutedEventArgs args, Boolean reRaised)
   in System.Windows.UIElement.RaiseEventImpl(DependencyObject sender, RoutedEventArgs args)
   in System.Windows.UIElement.RaiseEvent(RoutedEventArgs e)
   in System.Windows.Controls.Primitives.ButtonBase.OnClick()
   in System.Windows.Controls.Button.OnClick()
   in System.Windows.Controls.Primitives.ButtonBase.OnMouseLeftButtonUp(MouseButtonEventArgs e)
   in System.Windows.UIElement.OnMouseLeftButtonUpThunk(Object sender, MouseButtonEventArgs e)
   in System.Windows.Input.MouseButtonEventArgs.InvokeEventHandler(Delegate genericHandler, Object genericTarget)
   in System.Windows.RoutedEventArgs.InvokeHandler(Delegate handler, Object target)
   in System.Windows.RoutedEventHandlerInfo.InvokeHandler(Object target, RoutedEventArgs routedEventArgs)
   in System.Windows.EventRoute.InvokeHandlersImpl(Object source, RoutedEventArgs args, Boolean reRaised)
   in System.Windows.UIElement.ReRaiseEventAs(DependencyObject sender, RoutedEventArgs args, RoutedEvent newEvent)
   in System.Windows.UIElement.OnMouseUpThunk(Object sender, MouseButtonEventArgs e)
   in System.Windows.Input.MouseButtonEventArgs.InvokeEventHandler(Delegate genericHandler, Object genericTarget)
   in System.Windows.RoutedEventArgs.InvokeHandler(Delegate handler, Object target)
   in System.Windows.RoutedEventHandlerInfo.InvokeHandler(Object target, RoutedEventArgs routedEventArgs)
   in System.Windows.EventRoute.InvokeHandlersImpl(Object source, RoutedEventArgs args, Boolean reRaised)
   in System.Windows.UIElement.RaiseEventImpl(DependencyObject sender, RoutedEventArgs args)
   in System.Windows.UIElement.RaiseTrustedEvent(RoutedEventArgs args)
   in System.Windows.UIElement.RaiseEvent(RoutedEventArgs args, Boolean trusted)
   in System.Windows.Input.InputManager.ProcessStagingArea()
   in System.Windows.Input.InputManager.ProcessInput(InputEventArgs input)
   in System.Windows.Input.InputProviderSite.ReportInput(InputReport inputReport)
   in System.Windows.Interop.HwndMouseInputProvider.ReportInput(IntPtr hwnd, InputMode mode, Int32 timestamp, RawMouseActions actions, Int32 x, Int32 y, Int32 wheel)
   in System.Windows.Interop.HwndMouseInputProvider.FilterMessage(IntPtr hwnd, WindowMessage msg, IntPtr wParam, IntPtr lParam, Boolean& handled)
   in System.Windows.Interop.HwndSource.InputFilterMessage(IntPtr hwnd, Int32 msg, IntPtr wParam, IntPtr lParam, Boolean& handled)
   in MS.Win32.HwndWrapper.WndProc(IntPtr hwnd, Int32 msg, IntPtr wParam, IntPtr lParam, Boolean& handled)
   in MS.Win32.HwndSubclass.DispatcherCallbackOperation(Object o)
   in System.Windows.Threading.ExceptionWrapper.InternalRealCall(Delegate callback, Object args, Int32 numArgs)
   in System.Windows.Threading.ExceptionWrapper.TryCatchWhen(Object source, Delegate callback, Object args, Int32 numArgs, Delegate catchHandler)

EXCEPTION: 12/10/2023 17:17:21
========================================
'NaN' non è un valore valido per la proprietà 'Value'.
   in System.Windows.DependencyObject.SetValueCommon(DependencyProperty dp, Object value, PropertyMetadata metadata, Boolean coerceWithDeferredReference, Boolean coerceWithCurrentValue, OperationType operationType, Boolean isInternal)
   in System.Windows.DependencyObject.SetValue(DependencyProperty dp, Object value)
   in System.Windows.Controls.Primitives.RangeBase.set_Value(Double value)
   in Netytar.MainWindow.UpdateTimedVisuals(Object sender, EventArgs e) in C:\Users\stesa\Documents\GitHub\Netytar\Netytar\MainWindow.xaml.cs:riga 127
   in System.Windows.Threading.DispatcherTimer.FireTick(Object unused)
   in System.Windows.Threading.ExceptionWrapper.InternalRealCall(Delegate callback, Object args, Int32 numArgs)
   in System.Windows.Threading.ExceptionWrapper.TryCatchWhen(Object source, Delegate callback, Object args, Int32 numArgs, Delegate catchHandler)

