EXCEPTION: 20/03/2023 15:40:26
========================================
Riferimento a un oggetto non impostato su un'istanza di oggetto.
   in Netytar.DMIbox.NetytarSetup..ctor(MainWindow window) in C:\Users\neequ\OneDrive\Documenti\GitHub\Netytar\Netytar\DMIbox\NetytarSetup.cs:riga 23
   in Netytar.MainWindow.StartNetytar() in C:\Users\neequ\OneDrive\Documenti\GitHub\Netytar\Netytar\MainWindow.xaml.cs:riga 145
   in Netytar.MainWindow.Window_Loaded(Object sender, RoutedEventArgs e) in C:\Users\neequ\OneDrive\Documenti\GitHub\Netytar\Netytar\MainWindow.xaml.cs:riga 633
   in System.Windows.RoutedEventHandlerInfo.InvokeHandler(Object target, RoutedEventArgs routedEventArgs)
   in System.Windows.EventRoute.InvokeHandlersImpl(Object source, RoutedEventArgs args, Boolean reRaised)
   in System.Windows.UIElement.RaiseEventImpl(DependencyObject sender, RoutedEventArgs args)
   in System.Windows.UIElement.RaiseEvent(RoutedEventArgs e)
   in System.Windows.BroadcastEventHelper.BroadcastEvent(DependencyObject root, RoutedEvent routedEvent)
   in System.Windows.BroadcastEventHelper.BroadcastLoadedEvent(Object root)
   in MS.Internal.LoadedOrUnloadedOperation.DoWork()
   in System.Windows.Media.MediaContext.FireLoadedPendingCallbacks()
   in System.Windows.Media.MediaContext.FireInvokeOnRenderCallbacks()
   in System.Windows.Media.MediaContext.RenderMessageHandlerCore(Object resizedCompositionTarget)
   in System.Windows.Media.MediaContext.RenderMessageHandler(Object resizedCompositionTarget)
   in System.Windows.Media.MediaContext.Resize(ICompositionTarget resizedCompositionTarget)
   in System.Windows.Interop.HwndTarget.OnResize()
   in System.Windows.Interop.HwndTarget.HandleMessage(WindowMessage msg, IntPtr wparam, IntPtr lparam)
   in System.Windows.Interop.HwndSource.HwndTargetFilterMessage(IntPtr hwnd, Int32 msg, IntPtr wParam, IntPtr lParam, Boolean& handled)
   in MS.Win32.HwndWrapper.WndProc(IntPtr hwnd, Int32 msg, IntPtr wParam, IntPtr lParam, Boolean& handled)
   in MS.Win32.HwndSubclass.DispatcherCallbackOperation(Object o)
   in System.Windows.Threading.ExceptionWrapper.InternalRealCall(Delegate callback, Object args, Int32 numArgs)
   in System.Windows.Threading.ExceptionWrapper.TryCatchWhen(Object source, Delegate callback, Object args, Int32 numArgs, Delegate catchHandler)

EXCEPTION: 20/03/2023 15:48:01
========================================
Index non compreso nell'intervallo. Richiesto valore non negativo e minore della dimensione della raccolta.
Nome parametro: index
   in System.ThrowHelper.ThrowArgumentOutOfRangeException(ExceptionArgument argument, ExceptionResource resource)
   in System.Collections.Generic.List`1.get_Item(Int32 index)
   in Netytar.DefaultColorCode.FromAbsNote(AbsNotes absNote) in C:\Users\neequ\OneDrive\Documenti\GitHub\Netytar\Netytar\Surface\ColorCodes\DefaultColorCode.cs:riga 52
   in Netytar.MainWindow.UpdateButtonVisuals() in C:\Users\neequ\OneDrive\Documenti\GitHub\Netytar\Netytar\MainWindow.xaml.cs:riga 614
   in Netytar.MainWindow.btnRootNoteMinus_Click(Object sender, RoutedEventArgs e) in C:\Users\neequ\OneDrive\Documenti\GitHub\Netytar\Netytar\MainWindow.xaml.cs:riga 747
   in System.Windows.RoutedEventHandlerInfo.InvokeHandler(Object target, RoutedEventArgs routedEventArgs)
   in System.Windows.EventRoute.InvokeHandlersImpl(Object source, RoutedEventArgs args, Boolean reRaised)
   in System.Windows.UIElement.RaiseEventImpl(DependencyObject sender, RoutedEventArgs args)
   in System.Windows.UIElement.RaiseEvent(RoutedEventArgs e)
   in System.Windows.Controls.Primitives.ButtonBase.OnClick()
   in System.Windows.Controls.Button.OnClick()
   in System.Windows.Controls.Primitives.ButtonBase.OnMouseLeftButtonUp(MouseButtonEventArgs e)
   in System.Windows.UIElement.OnMouseLeftButtonUpThunk(Object sender, MouseButtonEventArgs e)
   in System.Windows.Input.MouseButtonEventArgs.InvokeEventHandler(Delegate genericHandler, Object genericTarget)
   in System.Windows.RoutedEventArgs.InvokeHandler(Delegate handler, Object target)
   in System.Windows.RoutedEventHandlerInfo.InvokeHandler(Object target, RoutedEventArgs routedEventArgs)
   in System.Windows.EventRoute.InvokeHandlersImpl(Object source, RoutedEventArgs args, Boolean reRaised)
   in System.Windows.UIElement.ReRaiseEventAs(DependencyObject sender, RoutedEventArgs args, RoutedEvent newEvent)
   in System.Windows.UIElement.OnMouseUpThunk(Object sender, MouseButtonEventArgs e)
   in System.Windows.Input.MouseButtonEventArgs.InvokeEventHandler(Delegate genericHandler, Object genericTarget)
   in System.Windows.RoutedEventArgs.InvokeHandler(Delegate handler, Object target)
   in System.Windows.RoutedEventHandlerInfo.InvokeHandler(Object target, RoutedEventArgs routedEventArgs)
   in System.Windows.EventRoute.InvokeHandlersImpl(Object source, RoutedEventArgs args, Boolean reRaised)
   in System.Windows.UIElement.RaiseEventImpl(DependencyObject sender, RoutedEventArgs args)
   in System.Windows.UIElement.RaiseTrustedEvent(RoutedEventArgs args)
   in System.Windows.UIElement.RaiseEvent(RoutedEventArgs args, Boolean trusted)
   in System.Windows.Input.InputManager.ProcessStagingArea()
   in System.Windows.Input.InputManager.ProcessInput(InputEventArgs input)
   in System.Windows.Input.InputProviderSite.ReportInput(InputReport inputReport)
   in System.Windows.Interop.HwndMouseInputProvider.ReportInput(IntPtr hwnd, InputMode mode, Int32 timestamp, RawMouseActions actions, Int32 x, Int32 y, Int32 wheel)
   in System.Windows.Interop.HwndMouseInputProvider.FilterMessage(IntPtr hwnd, WindowMessage msg, IntPtr wParam, IntPtr lParam, Boolean& handled)
   in System.Windows.Interop.HwndSource.InputFilterMessage(IntPtr hwnd, Int32 msg, IntPtr wParam, IntPtr lParam, Boolean& handled)
   in MS.Win32.HwndWrapper.WndProc(IntPtr hwnd, Int32 msg, IntPtr wParam, IntPtr lParam, Boolean& handled)
   in MS.Win32.HwndSubclass.DispatcherCallbackOperation(Object o)
   in System.Windows.Threading.ExceptionWrapper.InternalRealCall(Delegate callback, Object args, Int32 numArgs)
   in System.Windows.Threading.ExceptionWrapper.TryCatchWhen(Object source, Delegate callback, Object args, Int32 numArgs, Delegate catchHandler)

EXCEPTION: 20/03/2023 19:16:24
========================================
Index non compreso nell'intervallo. Richiesto valore non negativo e minore della dimensione della raccolta.
Nome parametro: index
   in System.ThrowHelper.ThrowArgumentOutOfRangeException(ExceptionArgument argument, ExceptionResource resource)
   in System.Collections.Generic.List`1.get_Item(Int32 index)
   in Netytar.DefaultColorCode.FromAbsNote(AbsNotes absNote) in C:\Users\neequ\OneDrive\Documenti\GitHub\Netytar\Netytar\Surface\ColorCodes\DefaultColorCode.cs:riga 52
   in Netytar.MainWindow.UpdateGUIVisuals() in C:\Users\neequ\OneDrive\Documenti\GitHub\Netytar\Netytar\MainWindow.xaml.cs:riga 175
   in Netytar.MainWindow.btnRootNoteMinus_Click(Object sender, RoutedEventArgs e) in C:\Users\neequ\OneDrive\Documenti\GitHub\Netytar\Netytar\MainWindow.xaml.cs:riga 624
   in System.Windows.RoutedEventHandlerInfo.InvokeHandler(Object target, RoutedEventArgs routedEventArgs)
   in System.Windows.EventRoute.InvokeHandlersImpl(Object source, RoutedEventArgs args, Boolean reRaised)
   in System.Windows.UIElement.RaiseEventImpl(DependencyObject sender, RoutedEventArgs args)
   in System.Windows.UIElement.RaiseEvent(RoutedEventArgs e)
   in System.Windows.Controls.Primitives.ButtonBase.OnClick()
   in System.Windows.Controls.Button.OnClick()
   in System.Windows.Controls.Primitives.ButtonBase.OnMouseLeftButtonUp(MouseButtonEventArgs e)
   in System.Windows.UIElement.OnMouseLeftButtonUpThunk(Object sender, MouseButtonEventArgs e)
   in System.Windows.Input.MouseButtonEventArgs.InvokeEventHandler(Delegate genericHandler, Object genericTarget)
   in System.Windows.RoutedEventArgs.InvokeHandler(Delegate handler, Object target)
   in System.Windows.RoutedEventHandlerInfo.InvokeHandler(Object target, RoutedEventArgs routedEventArgs)
   in System.Windows.EventRoute.InvokeHandlersImpl(Object source, RoutedEventArgs args, Boolean reRaised)
   in System.Windows.UIElement.ReRaiseEventAs(DependencyObject sender, RoutedEventArgs args, RoutedEvent newEvent)
   in System.Windows.UIElement.OnMouseUpThunk(Object sender, MouseButtonEventArgs e)
   in System.Windows.Input.MouseButtonEventArgs.InvokeEventHandler(Delegate genericHandler, Object genericTarget)
   in System.Windows.RoutedEventArgs.InvokeHandler(Delegate handler, Object target)
   in System.Windows.RoutedEventHandlerInfo.InvokeHandler(Object target, RoutedEventArgs routedEventArgs)
   in System.Windows.EventRoute.InvokeHandlersImpl(Object source, RoutedEventArgs args, Boolean reRaised)
   in System.Windows.UIElement.RaiseEventImpl(DependencyObject sender, RoutedEventArgs args)
   in System.Windows.UIElement.RaiseTrustedEvent(RoutedEventArgs args)
   in System.Windows.UIElement.RaiseEvent(RoutedEventArgs args, Boolean trusted)
   in System.Windows.Input.InputManager.ProcessStagingArea()
   in System.Windows.Input.InputManager.ProcessInput(InputEventArgs input)
   in System.Windows.Input.InputProviderSite.ReportInput(InputReport inputReport)
   in System.Windows.Interop.HwndMouseInputProvider.ReportInput(IntPtr hwnd, InputMode mode, Int32 timestamp, RawMouseActions actions, Int32 x, Int32 y, Int32 wheel)
   in System.Windows.Interop.HwndMouseInputProvider.FilterMessage(IntPtr hwnd, WindowMessage msg, IntPtr wParam, IntPtr lParam, Boolean& handled)
   in System.Windows.Interop.HwndSource.InputFilterMessage(IntPtr hwnd, Int32 msg, IntPtr wParam, IntPtr lParam, Boolean& handled)
   in MS.Win32.HwndWrapper.WndProc(IntPtr hwnd, Int32 msg, IntPtr wParam, IntPtr lParam, Boolean& handled)
   in MS.Win32.HwndSubclass.DispatcherCallbackOperation(Object o)
   in System.Windows.Threading.ExceptionWrapper.InternalRealCall(Delegate callback, Object args, Int32 numArgs)
   in System.Windows.Threading.ExceptionWrapper.TryCatchWhen(Object source, Delegate callback, Object args, Int32 numArgs, Delegate catchHandler)

EXCEPTION: 20/03/2023 19:18:51
========================================
Index non compreso nell'intervallo. Richiesto valore non negativo e minore della dimensione della raccolta.
Nome parametro: index
   in System.ThrowHelper.ThrowArgumentOutOfRangeException(ExceptionArgument argument, ExceptionResource resource)
   in System.Collections.Generic.List`1.get_Item(Int32 index)
   in Netytar.DefaultColorCode.FromAbsNote(AbsNotes absNote) in C:\Users\neequ\OneDrive\Documenti\GitHub\Netytar\Netytar\Surface\ColorCodes\DefaultColorCode.cs:riga 52
   in Netytar.MainWindow.UpdateGUIVisuals() in C:\Users\neequ\OneDrive\Documenti\GitHub\Netytar\Netytar\MainWindow.xaml.cs:riga 175
   in Netytar.MainWindow.btnRootNoteMinus_Click(Object sender, RoutedEventArgs e) in C:\Users\neequ\OneDrive\Documenti\GitHub\Netytar\Netytar\MainWindow.xaml.cs:riga 624
   in System.Windows.RoutedEventHandlerInfo.InvokeHandler(Object target, RoutedEventArgs routedEventArgs)
   in System.Windows.EventRoute.InvokeHandlersImpl(Object source, RoutedEventArgs args, Boolean reRaised)
   in System.Windows.UIElement.RaiseEventImpl(DependencyObject sender, RoutedEventArgs args)
   in System.Windows.UIElement.RaiseEvent(RoutedEventArgs e)
   in System.Windows.Controls.Primitives.ButtonBase.OnClick()
   in System.Windows.Controls.Button.OnClick()
   in System.Windows.Controls.Primitives.ButtonBase.OnMouseLeftButtonUp(MouseButtonEventArgs e)
   in System.Windows.UIElement.OnMouseLeftButtonUpThunk(Object sender, MouseButtonEventArgs e)
   in System.Windows.Input.MouseButtonEventArgs.InvokeEventHandler(Delegate genericHandler, Object genericTarget)
   in System.Windows.RoutedEventArgs.InvokeHandler(Delegate handler, Object target)
   in System.Windows.RoutedEventHandlerInfo.InvokeHandler(Object target, RoutedEventArgs routedEventArgs)
   in System.Windows.EventRoute.InvokeHandlersImpl(Object source, RoutedEventArgs args, Boolean reRaised)
   in System.Windows.UIElement.ReRaiseEventAs(DependencyObject sender, RoutedEventArgs args, RoutedEvent newEvent)
   in System.Windows.UIElement.OnMouseUpThunk(Object sender, MouseButtonEventArgs e)
   in System.Windows.Input.MouseButtonEventArgs.InvokeEventHandler(Delegate genericHandler, Object genericTarget)
   in System.Windows.RoutedEventArgs.InvokeHandler(Delegate handler, Object target)
   in System.Windows.RoutedEventHandlerInfo.InvokeHandler(Object target, RoutedEventArgs routedEventArgs)
   in System.Windows.EventRoute.InvokeHandlersImpl(Object source, RoutedEventArgs args, Boolean reRaised)
   in System.Windows.UIElement.RaiseEventImpl(DependencyObject sender, RoutedEventArgs args)
   in System.Windows.UIElement.RaiseTrustedEvent(RoutedEventArgs args)
   in System.Windows.UIElement.RaiseEvent(RoutedEventArgs args, Boolean trusted)
   in System.Windows.Input.InputManager.ProcessStagingArea()
   in System.Windows.Input.InputManager.ProcessInput(InputEventArgs input)
   in System.Windows.Input.InputProviderSite.ReportInput(InputReport inputReport)
   in System.Windows.Interop.HwndMouseInputProvider.ReportInput(IntPtr hwnd, InputMode mode, Int32 timestamp, RawMouseActions actions, Int32 x, Int32 y, Int32 wheel)
   in System.Windows.Interop.HwndMouseInputProvider.FilterMessage(IntPtr hwnd, WindowMessage msg, IntPtr wParam, IntPtr lParam, Boolean& handled)
   in System.Windows.Interop.HwndSource.InputFilterMessage(IntPtr hwnd, Int32 msg, IntPtr wParam, IntPtr lParam, Boolean& handled)
   in MS.Win32.HwndWrapper.WndProc(IntPtr hwnd, Int32 msg, IntPtr wParam, IntPtr lParam, Boolean& handled)
   in MS.Win32.HwndSubclass.DispatcherCallbackOperation(Object o)
   in System.Windows.Threading.ExceptionWrapper.InternalRealCall(Delegate callback, Object args, Int32 numArgs)
   in System.Windows.Threading.ExceptionWrapper.TryCatchWhen(Object source, Delegate callback, Object args, Int32 numArgs, Delegate catchHandler)

EXCEPTION: 20/03/2023 19:20:19
========================================
Index non compreso nell'intervallo. Richiesto valore non negativo e minore della dimensione della raccolta.
Nome parametro: index
   in System.ThrowHelper.ThrowArgumentOutOfRangeException(ExceptionArgument argument, ExceptionResource resource)
   in System.Collections.Generic.List`1.get_Item(Int32 index)
   in Netytar.DefaultColorCode.FromAbsNote(AbsNotes absNote) in C:\Users\neequ\OneDrive\Documenti\GitHub\Netytar\Netytar\Surface\ColorCodes\DefaultColorCode.cs:riga 52
   in Netytar.MainWindow.UpdateGUIVisuals() in C:\Users\neequ\OneDrive\Documenti\GitHub\Netytar\Netytar\MainWindow.xaml.cs:riga 175
   in Netytar.MainWindow.btnRootNoteMinus_Click(Object sender, RoutedEventArgs e) in C:\Users\neequ\OneDrive\Documenti\GitHub\Netytar\Netytar\MainWindow.xaml.cs:riga 624
   in System.Windows.RoutedEventHandlerInfo.InvokeHandler(Object target, RoutedEventArgs routedEventArgs)
   in System.Windows.EventRoute.InvokeHandlersImpl(Object source, RoutedEventArgs args, Boolean reRaised)
   in System.Windows.UIElement.RaiseEventImpl(DependencyObject sender, RoutedEventArgs args)
   in System.Windows.UIElement.RaiseEvent(RoutedEventArgs e)
   in System.Windows.Controls.Primitives.ButtonBase.OnClick()
   in System.Windows.Controls.Button.OnClick()
   in System.Windows.Controls.Primitives.ButtonBase.OnMouseLeftButtonUp(MouseButtonEventArgs e)
   in System.Windows.UIElement.OnMouseLeftButtonUpThunk(Object sender, MouseButtonEventArgs e)
   in System.Windows.Input.MouseButtonEventArgs.InvokeEventHandler(Delegate genericHandler, Object genericTarget)
   in System.Windows.RoutedEventArgs.InvokeHandler(Delegate handler, Object target)
   in System.Windows.RoutedEventHandlerInfo.InvokeHandler(Object target, RoutedEventArgs routedEventArgs)
   in System.Windows.EventRoute.InvokeHandlersImpl(Object source, RoutedEventArgs args, Boolean reRaised)
   in System.Windows.UIElement.ReRaiseEventAs(DependencyObject sender, RoutedEventArgs args, RoutedEvent newEvent)
   in System.Windows.UIElement.OnMouseUpThunk(Object sender, MouseButtonEventArgs e)
   in System.Windows.Input.MouseButtonEventArgs.InvokeEventHandler(Delegate genericHandler, Object genericTarget)
   in System.Windows.RoutedEventArgs.InvokeHandler(Delegate handler, Object target)
   in System.Windows.RoutedEventHandlerInfo.InvokeHandler(Object target, RoutedEventArgs routedEventArgs)
   in System.Windows.EventRoute.InvokeHandlersImpl(Object source, RoutedEventArgs args, Boolean reRaised)
   in System.Windows.UIElement.RaiseEventImpl(DependencyObject sender, RoutedEventArgs args)
   in System.Windows.UIElement.RaiseTrustedEvent(RoutedEventArgs args)
   in System.Windows.UIElement.RaiseEvent(RoutedEventArgs args, Boolean trusted)
   in System.Windows.Input.InputManager.ProcessStagingArea()
   in System.Windows.Input.InputManager.ProcessInput(InputEventArgs input)
   in System.Windows.Input.InputProviderSite.ReportInput(InputReport inputReport)
   in System.Windows.Interop.HwndMouseInputProvider.ReportInput(IntPtr hwnd, InputMode mode, Int32 timestamp, RawMouseActions actions, Int32 x, Int32 y, Int32 wheel)
   in System.Windows.Interop.HwndMouseInputProvider.FilterMessage(IntPtr hwnd, WindowMessage msg, IntPtr wParam, IntPtr lParam, Boolean& handled)
   in System.Windows.Interop.HwndSource.InputFilterMessage(IntPtr hwnd, Int32 msg, IntPtr wParam, IntPtr lParam, Boolean& handled)
   in MS.Win32.HwndWrapper.WndProc(IntPtr hwnd, Int32 msg, IntPtr wParam, IntPtr lParam, Boolean& handled)
   in MS.Win32.HwndSubclass.DispatcherCallbackOperation(Object o)
   in System.Windows.Threading.ExceptionWrapper.InternalRealCall(Delegate callback, Object args, Int32 numArgs)
   in System.Windows.Threading.ExceptionWrapper.TryCatchWhen(Object source, Delegate callback, Object args, Int32 numArgs, Delegate catchHandler)

EXCEPTION: 20/03/2023 19:21:14
========================================
Index non compreso nell'intervallo. Richiesto valore non negativo e minore della dimensione della raccolta.
Nome parametro: index
   in System.ThrowHelper.ThrowArgumentOutOfRangeException(ExceptionArgument argument, ExceptionResource resource)
   in System.Collections.Generic.List`1.get_Item(Int32 index)
   in Netytar.DefaultColorCode.FromAbsNote(AbsNotes absNote) in C:\Users\neequ\OneDrive\Documenti\GitHub\Netytar\Netytar\Surface\ColorCodes\DefaultColorCode.cs:riga 52
   in Netytar.MainWindow.UpdateGUIVisuals() in C:\Users\neequ\OneDrive\Documenti\GitHub\Netytar\Netytar\MainWindow.xaml.cs:riga 175
   in Netytar.MainWindow.btnRootNoteMinus_Click(Object sender, RoutedEventArgs e) in C:\Users\neequ\OneDrive\Documenti\GitHub\Netytar\Netytar\MainWindow.xaml.cs:riga 624
   in System.Windows.RoutedEventHandlerInfo.InvokeHandler(Object target, RoutedEventArgs routedEventArgs)
   in System.Windows.EventRoute.InvokeHandlersImpl(Object source, RoutedEventArgs args, Boolean reRaised)
   in System.Windows.UIElement.RaiseEventImpl(DependencyObject sender, RoutedEventArgs args)
   in System.Windows.UIElement.RaiseEvent(RoutedEventArgs e)
   in System.Windows.Controls.Primitives.ButtonBase.OnClick()
   in System.Windows.Controls.Button.OnClick()
   in System.Windows.Controls.Primitives.ButtonBase.OnMouseLeftButtonUp(MouseButtonEventArgs e)
   in System.Windows.UIElement.OnMouseLeftButtonUpThunk(Object sender, MouseButtonEventArgs e)
   in System.Windows.Input.MouseButtonEventArgs.InvokeEventHandler(Delegate genericHandler, Object genericTarget)
   in System.Windows.RoutedEventArgs.InvokeHandler(Delegate handler, Object target)
   in System.Windows.RoutedEventHandlerInfo.InvokeHandler(Object target, RoutedEventArgs routedEventArgs)
   in System.Windows.EventRoute.InvokeHandlersImpl(Object source, RoutedEventArgs args, Boolean reRaised)
   in System.Windows.UIElement.ReRaiseEventAs(DependencyObject sender, RoutedEventArgs args, RoutedEvent newEvent)
   in System.Windows.UIElement.OnMouseUpThunk(Object sender, MouseButtonEventArgs e)
   in System.Windows.Input.MouseButtonEventArgs.InvokeEventHandler(Delegate genericHandler, Object genericTarget)
   in System.Windows.RoutedEventArgs.InvokeHandler(Delegate handler, Object target)
   in System.Windows.RoutedEventHandlerInfo.InvokeHandler(Object target, RoutedEventArgs routedEventArgs)
   in System.Windows.EventRoute.InvokeHandlersImpl(Object source, RoutedEventArgs args, Boolean reRaised)
   in System.Windows.UIElement.RaiseEventImpl(DependencyObject sender, RoutedEventArgs args)
   in System.Windows.UIElement.RaiseTrustedEvent(RoutedEventArgs args)
   in System.Windows.UIElement.RaiseEvent(RoutedEventArgs args, Boolean trusted)
   in System.Windows.Input.InputManager.ProcessStagingArea()
   in System.Windows.Input.InputManager.ProcessInput(InputEventArgs input)
   in System.Windows.Input.InputProviderSite.ReportInput(InputReport inputReport)
   in System.Windows.Interop.HwndMouseInputProvider.ReportInput(IntPtr hwnd, InputMode mode, Int32 timestamp, RawMouseActions actions, Int32 x, Int32 y, Int32 wheel)
   in System.Windows.Interop.HwndMouseInputProvider.FilterMessage(IntPtr hwnd, WindowMessage msg, IntPtr wParam, IntPtr lParam, Boolean& handled)
   in System.Windows.Interop.HwndSource.InputFilterMessage(IntPtr hwnd, Int32 msg, IntPtr wParam, IntPtr lParam, Boolean& handled)
   in MS.Win32.HwndWrapper.WndProc(IntPtr hwnd, Int32 msg, IntPtr wParam, IntPtr lParam, Boolean& handled)
   in MS.Win32.HwndSubclass.DispatcherCallbackOperation(Object o)
   in System.Windows.Threading.ExceptionWrapper.InternalRealCall(Delegate callback, Object args, Int32 numArgs)
   in System.Windows.Threading.ExceptionWrapper.TryCatchWhen(Object source, Delegate callback, Object args, Int32 numArgs, Delegate catchHandler)

